2017-01-14 16:36:24,655 INFO  [org.jboss.modules] (main) JBoss Modules version 1.5.2.Final
2017-01-14 16:36:34,918 INFO  [org.jboss.msc] (main) JBoss MSC version 1.2.6.Final
2017-01-14 16:36:35,026 INFO  [org.jboss.as] (MSC service thread 1-6) WFLYSRV0049: WildFly Full 10.1.0.Final (WildFly Core 2.2.0.Final) starting
2017-01-14 16:36:35,027 DEBUG [org.jboss.as.config] (MSC service thread 1-6) Configured system properties:
	awt.toolkit = sun.lwawt.macosx.LWCToolkit
	file.encoding = UTF-8
	file.encoding.pkg = sun.io
	file.separator = /
	ftp.nonProxyHosts = local|*.local|169.254/16|*.169.254/16
	gopherProxySet = false
	http.nonProxyHosts = local|*.local|169.254/16|*.169.254/16
	java.awt.graphicsenv = sun.awt.CGraphicsEnvironment
	java.awt.headless = true
	java.awt.printerjob = sun.lwawt.macosx.CPrinterJob
	java.class.path = /Users/Adrien/Documents/Enseignement/635-1 Advanced concepts and new technologies JAVA/TPs/rootJavaEE_sandbox/tools/wildfly-10.1.0.Final/jboss-modules.jar
	java.class.version = 52.0
	java.endorsed.dirs = /Library/Java/JavaVirtualMachines/jdk1.8.0_111.jdk/Contents/Home/jre/lib/endorsed
	java.ext.dirs = /Users/Adrien/Library/Java/Extensions:/Library/Java/JavaVirtualMachines/jdk1.8.0_111.jdk/Contents/Home/jre/lib/ext:/Library/Java/Extensions:/Network/Library/Java/Extensions:/System/Library/Java/Extensions:/usr/lib/java
	java.home = /Library/Java/JavaVirtualMachines/jdk1.8.0_111.jdk/Contents/Home/jre
	java.io.tmpdir = /var/folders/fv/j6j_n9nj4ld87b7zzqvrhv6m0000gn/T/
	java.library.path = /Users/Adrien/Library/Java/Extensions:/Library/Java/Extensions:/Network/Library/Java/Extensions:/System/Library/Java/Extensions:/usr/lib/java:.
	java.net.preferIPv4Stack = true
	java.runtime.name = Java(TM) SE Runtime Environment
	java.runtime.version = 1.8.0_111-b14
	java.specification.name = Java Platform API Specification
	java.specification.vendor = Oracle Corporation
	java.specification.version = 1.8
	java.util.logging.manager = org.jboss.logmanager.LogManager
	java.vendor = Oracle Corporation
	java.vendor.url = http://java.oracle.com/
	java.vendor.url.bug = http://bugreport.sun.com/bugreport/
	java.version = 1.8.0_111
	java.vm.info = mixed mode
	java.vm.name = Java HotSpot(TM) 64-Bit Server VM
	java.vm.specification.name = Java Virtual Machine Specification
	java.vm.specification.vendor = Oracle Corporation
	java.vm.specification.version = 1.8
	java.vm.vendor = Oracle Corporation
	java.vm.version = 25.111-b14
	javax.management.builder.initial = org.jboss.as.jmx.PluggableMBeanServerBuilder
	javax.xml.datatype.DatatypeFactory = __redirected.__DatatypeFactory
	javax.xml.parsers.DocumentBuilderFactory = __redirected.__DocumentBuilderFactory
	javax.xml.parsers.SAXParserFactory = __redirected.__SAXParserFactory
	javax.xml.stream.XMLEventFactory = __redirected.__XMLEventFactory
	javax.xml.stream.XMLInputFactory = __redirected.__XMLInputFactory
	javax.xml.stream.XMLOutputFactory = __redirected.__XMLOutputFactory
	javax.xml.transform.TransformerFactory = __redirected.__TransformerFactory
	javax.xml.validation.SchemaFactory:http://www.w3.org/2001/XMLSchema = __redirected.__SchemaFactory
	javax.xml.xpath.XPathFactory:http://java.sun.com/jaxp/xpath/dom = __redirected.__XPathFactory
	jboss.bind.address = localhost
	jboss.bind.address.management = localhost
	jboss.home.dir = /Users/Adrien/Documents/Enseignement/635-1 Advanced concepts and new technologies JAVA/TPs/rootJavaEE_sandbox/tools/wildfly-10.1.0.Final
	jboss.host.name = adriens-macbook-pro-ii
	jboss.modules.dir = /Users/Adrien/Documents/Enseignement/635-1 Advanced concepts and new technologies JAVA/TPs/rootJavaEE_sandbox/tools/wildfly-10.1.0.Final/modules
	jboss.modules.system.pkgs = org.jboss.byteman
	jboss.node.name = adriens-macbook-pro-ii
	jboss.qualified.host.name = adriens-macbook-pro-ii.local
	jboss.server.base.dir = /Users/Adrien/Documents/Enseignement/635-1 Advanced concepts and new technologies JAVA/TPs/rootJavaEE_sandbox/tools/wildfly-10.1.0.Final/standalone
	jboss.server.config.dir = /Users/Adrien/Documents/Enseignement/635-1 Advanced concepts and new technologies JAVA/TPs/rootJavaEE_sandbox/tools/wildfly-10.1.0.Final/standalone/configuration
	jboss.server.data.dir = /Users/Adrien/Documents/Enseignement/635-1 Advanced concepts and new technologies JAVA/TPs/rootJavaEE_sandbox/tools/wildfly-10.1.0.Final/standalone/data
	jboss.server.deploy.dir = /Users/Adrien/Documents/Enseignement/635-1 Advanced concepts and new technologies JAVA/TPs/rootJavaEE_sandbox/tools/wildfly-10.1.0.Final/standalone/data/content
	jboss.server.log.dir = /Users/Adrien/Documents/Enseignement/635-1 Advanced concepts and new technologies JAVA/TPs/rootJavaEE_sandbox/tools/wildfly-10.1.0.Final/standalone/log
	jboss.server.name = adriens-macbook-pro-ii
	jboss.server.persist.config = true
	jboss.server.temp.dir = /Users/Adrien/Documents/Enseignement/635-1 Advanced concepts and new technologies JAVA/TPs/rootJavaEE_sandbox/tools/wildfly-10.1.0.Final/standalone/tmp
	line.separator = 

	logging.configuration = file:/Users/Adrien/Documents/Enseignement/635-1%20Advanced%20concepts%20and%20new%20technologies%20JAVA/TPs/rootJavaEE_sandbox/tools/wildfly-10.1.0.Final/standalone/configuration/logging.properties
	module.path = /Users/Adrien/Documents/Enseignement/635-1 Advanced concepts and new technologies JAVA/TPs/rootJavaEE_sandbox/tools/wildfly-10.1.0.Final/modules
	org.jboss.boot.log.file = /Users/Adrien/Documents/Enseignement/635-1 Advanced concepts and new technologies JAVA/TPs/rootJavaEE_sandbox/tools/wildfly-10.1.0.Final/standalone/log/boot.log
	org.jboss.logmanager.nocolor = true
	org.jboss.resolver.warning = true
	org.xml.sax.driver = __redirected.__XMLReaderFactory
	os.arch = x86_64
	os.name = Mac OS X
	os.version = 10.12.2
	path.separator = :
	program.name = JBossTools: WildFly 10.x
	socksNonProxyHosts = local|*.local|169.254/16|*.169.254/16
	sun.arch.data.model = 64
	sun.boot.class.path = /Library/Java/JavaVirtualMachines/jdk1.8.0_111.jdk/Contents/Home/jre/lib/resources.jar:/Library/Java/JavaVirtualMachines/jdk1.8.0_111.jdk/Contents/Home/jre/lib/rt.jar:/Library/Java/JavaVirtualMachines/jdk1.8.0_111.jdk/Contents/Home/jre/lib/sunrsasign.jar:/Library/Java/JavaVirtualMachines/jdk1.8.0_111.jdk/Contents/Home/jre/lib/jsse.jar:/Library/Java/JavaVirtualMachines/jdk1.8.0_111.jdk/Contents/Home/jre/lib/jce.jar:/Library/Java/JavaVirtualMachines/jdk1.8.0_111.jdk/Contents/Home/jre/lib/charsets.jar:/Library/Java/JavaVirtualMachines/jdk1.8.0_111.jdk/Contents/Home/jre/lib/jfr.jar:/Library/Java/JavaVirtualMachines/jdk1.8.0_111.jdk/Contents/Home/jre/classes
	sun.boot.library.path = /Library/Java/JavaVirtualMachines/jdk1.8.0_111.jdk/Contents/Home/jre/lib
	sun.cpu.endian = little
	sun.cpu.isalist = 
	sun.io.unicode.encoding = UnicodeBig
	sun.java.command = org.jboss.modules.Main -mp /Users/Adrien/Documents/Enseignement/635-1 Advanced concepts and new technologies JAVA/TPs/rootJavaEE_sandbox/tools/wildfly-10.1.0.Final/modules org.jboss.as.standalone -b localhost --server-config=standalone.xml -Djboss.server.base.dir=/Users/Adrien/Documents/Enseignement/635-1 Advanced concepts and new technologies JAVA/TPs/rootJavaEE_sandbox/tools/wildfly-10.1.0.Final/standalone
	sun.java.launcher = SUN_STANDARD
	sun.jnu.encoding = UTF-8
	sun.management.compiler = HotSpot 64-Bit Tiered Compilers
	sun.os.patch.level = unknown
	sun.rmi.dgc.client.gcInterval = 3600000
	sun.rmi.dgc.server.gcInterval = 3600000
	user.country = US
	user.dir = /Users/Adrien/Documents/Enseignement/635-1 Advanced concepts and new technologies JAVA/TPs/rootJavaEE_sandbox/tools/wildfly-10.1.0.Final/bin
	user.home = /Users/Adrien
	user.language = en
	user.name = Adrien
	user.timezone = Europe/Zurich
2017-01-14 16:36:35,027 DEBUG [org.jboss.as.config] (MSC service thread 1-6) VM Arguments: -Dprogram.name=JBossTools: WildFly 10.x -Xms64m -Xmx512m -Dorg.jboss.resolver.warning=true -Djava.net.preferIPv4Stack=true -Dsun.rmi.dgc.client.gcInterval=3600000 -Dsun.rmi.dgc.server.gcInterval=3600000 -Djboss.modules.system.pkgs=org.jboss.byteman -Djava.awt.headless=true -Dorg.jboss.boot.log.file=/Users/Adrien/Documents/Enseignement/635-1 Advanced concepts and new technologies JAVA/TPs/rootJavaEE_sandbox/tools/wildfly-10.1.0.Final/standalone/log/boot.log -Dlogging.configuration=file:/Users/Adrien/Documents/Enseignement/635-1%20Advanced%20concepts%20and%20new%20technologies%20JAVA/TPs/rootJavaEE_sandbox/tools/wildfly-10.1.0.Final/standalone/configuration/logging.properties -Djboss.home.dir=/Users/Adrien/Documents/Enseignement/635-1 Advanced concepts and new technologies JAVA/TPs/rootJavaEE_sandbox/tools/wildfly-10.1.0.Final -Dorg.jboss.logmanager.nocolor=true -Djboss.bind.address.management=localhost -Dfile.encoding=UTF-8 
2017-01-14 16:36:36,174 INFO  [org.jboss.as.server] (Controller Boot Thread) WFLYSRV0039: Creating http management service using socket-binding (management-http)
2017-01-14 16:36:36,193 INFO  [org.xnio] (MSC service thread 1-7) XNIO version 3.4.0.Final
2017-01-14 16:36:36,200 INFO  [org.xnio.nio] (MSC service thread 1-7) XNIO NIO Implementation Version 3.4.0.Final
